# JRE version: Java(TM) SE Runtime Environment (8.0_241-b07) (build 1.8.0_241-b07)
# Java VM: Java HotSpot(TM) 64-Bit Server VM (25.241-b07 mixed mode windows-amd64 compressed oops)
Heap:
 PSYoungGen      total 232960K, used 44542K [0x00000000d5d00000, 0x00000000e5680000, 0x0000000100000000)
  eden space 222720K, 19% used [0x00000000d5d00000,0x00000000d887f9f8,0x00000000e3680000)
  from space 10240K, 0% used [0x00000000e4280000,0x00000000e4280000,0x00000000e4c80000)
  to   space 12288K, 0% used [0x00000000e3680000,0x00000000e3680000,0x00000000e4280000)
 ParOldGen       total 49664K, used 16927K [0x0000000081600000, 0x0000000084680000, 0x00000000d5d00000)
  object space 49664K, 34% used [0x0000000081600000,0x0000000082687d88,0x0000000084680000)
 Metaspace       used 35096K, capacity 36902K, committed 37120K, reserved 1081344K
  class space    used 4662K, capacity 5019K, committed 5120K, reserved 1048576K
GC Heap History (10 events):
Event: 3.518 GC heap before
{Heap before GC invocations=6 (full 1):
 PSYoungGen      total 71680K, used 5095K [0x00000000d5d00000, 0x00000000df100000, 0x0000000100000000)
  eden space 66560K, 0% used [0x00000000d5d00000,0x00000000d5d00000,0x00000000d9e00000)
  from space 5120K, 99% used [0x00000000d9e00000,0x00000000da2f9e48,0x00000000da300000)
  to   space 9216K, 0% used [0x00000000de800000,0x00000000de800000,0x00000000df100000)
 ParOldGen       total 87552K, used 5349K [0x0000000081600000, 0x0000000086b80000, 0x00000000d5d00000)
  object space 87552K, 6% used [0x0000000081600000,0x0000000081b39618,0x0000000086b80000)
 Metaspace       used 20443K, capacity 21210K, committed 21296K, reserved 1067008K
  class space    used 2685K, capacity 2885K, committed 2944K, reserved 1048576K
Event: 3.561 GC heap after
Heap after GC invocations=6 (full 1):
 PSYoungGen      total 71680K, used 0K [0x00000000d5d00000, 0x00000000df100000, 0x0000000100000000)
  eden space 66560K, 0% used [0x00000000d5d00000,0x00000000d5d00000,0x00000000d9e00000)
  from space 5120K, 0% used [0x00000000d9e00000,0x00000000d9e00000,0x00000000da300000)
  to   space 9216K, 0% used [0x00000000de800000,0x00000000de800000,0x00000000df100000)
 ParOldGen       total 49664K, used 8601K [0x0000000081600000, 0x0000000084680000, 0x00000000d5d00000)
  object space 49664K, 17% used [0x0000000081600000,0x0000000081e66460,0x0000000084680000)
 Metaspace       used 20443K, capacity 21210K, committed 21296K, reserved 1067008K
  class space    used 2685K, capacity 2885K, committed 2944K, reserved 1048576K
}
Event: 3.940 GC heap before
{Heap before GC invocations=7 (full 1):
 PSYoungGen      total 71680K, used 66560K [0x00000000d5d00000, 0x00000000df100000, 0x0000000100000000)
  eden space 66560K, 100% used [0x00000000d5d00000,0x00000000d9e00000,0x00000000d9e00000)
  from space 5120K, 0% used [0x00000000d9e00000,0x00000000d9e00000,0x00000000da300000)
  to   space 9216K, 0% used [0x00000000de800000,0x00000000de800000,0x00000000df100000)
 ParOldGen       total 49664K, used 8601K [0x0000000081600000, 0x0000000084680000, 0x00000000d5d00000)
  object space 49664K, 17% used [0x0000000081600000,0x0000000081e66460,0x0000000084680000)
 Metaspace       used 23227K, capacity 24110K, committed 24320K, reserved 1071104K
  class space    used 3032K, capacity 3241K, committed 3328K, reserved 1048576K
Event: 3.945 GC heap after
Heap after GC invocations=7 (full 1):
 PSYoungGen      total 128512K, used 4668K [0x00000000d5d00000, 0x00000000ded00000, 0x0000000100000000)
  eden space 123392K, 0% used [0x00000000d5d00000,0x00000000d5d00000,0x00000000dd580000)
  from space 5120K, 91% used [0x00000000de800000,0x00000000dec8f288,0x00000000ded00000)
  to   space 9216K, 0% used [0x00000000ddb00000,0x00000000ddb00000,0x00000000de400000)
 ParOldGen       total 49664K, used 8609K [0x0000000081600000, 0x0000000084680000, 0x00000000d5d00000)
  object space 49664K, 17% used [0x0000000081600000,0x0000000081e68460,0x0000000084680000)
 Metaspace       used 23227K, capacity 24110K, committed 24320K, reserved 1071104K
  class space    used 3032K, capacity 3241K, committed 3328K, reserved 1048576K
}
Event: 4.943 GC heap before
{Heap before GC invocations=8 (full 1):
 PSYoungGen      total 128512K, used 128060K [0x00000000d5d00000, 0x00000000ded00000, 0x0000000100000000)
  eden space 123392K, 100% used [0x00000000d5d00000,0x00000000dd580000,0x00000000dd580000)
  from space 5120K, 91% used [0x00000000de800000,0x00000000dec8f288,0x00000000ded00000)
  to   space 9216K, 0% used [0x00000000ddb00000,0x00000000ddb00000,0x00000000de400000)
 ParOldGen       total 49664K, used 8609K [0x0000000081600000, 0x0000000084680000, 0x00000000d5d00000)
  object space 49664K, 17% used [0x0000000081600000,0x0000000081e68460,0x0000000084680000)
 Metaspace       used 27979K, capacity 29114K, committed 29312K, reserved 1075200K
  class space    used 3686K, capacity 3951K, committed 3968K, reserved 1048576K
Event: 4.955 GC heap after
Heap after GC invocations=8 (full 1):
 PSYoungGen      total 138240K, used 9146K [0x00000000d5d00000, 0x00000000e4c80000, 0x0000000100000000)
  eden space 129024K, 0% used [0x00000000d5d00000,0x00000000d5d00000,0x00000000ddb00000)
  from space 9216K, 99% used [0x00000000ddb00000,0x00000000de3ee900,0x00000000de400000)
  to   space 10240K, 0% used [0x00000000e4280000,0x00000000e4280000,0x00000000e4c80000)
 ParOldGen       total 49664K, used 8617K [0x0000000081600000, 0x0000000084680000, 0x00000000d5d00000)
  object space 49664K, 17% used [0x0000000081600000,0x0000000081e6a460,0x0000000084680000)
 Metaspace       used 27979K, capacity 29114K, committed 29312K, reserved 1075200K
  class space    used 3686K, capacity 3951K, committed 3968K, reserved 1048576K
}
Event: 6.015 GC heap before
{Heap before GC invocations=9 (full 1):
 PSYoungGen      total 138240K, used 135537K [0x00000000d5d00000, 0x00000000e4c80000, 0x0000000100000000)
  eden space 129024K, 97% used [0x00000000d5d00000,0x00000000dd86dd08,0x00000000ddb00000)
  from space 9216K, 99% used [0x00000000ddb00000,0x00000000de3ee900,0x00000000de400000)
  to   space 10240K, 0% used [0x00000000e4280000,0x00000000e4280000,0x00000000e4c80000)
 ParOldGen       total 49664K, used 8617K [0x0000000081600000, 0x0000000084680000, 0x00000000d5d00000)
  object space 49664K, 17% used [0x0000000081600000,0x0000000081e6a460,0x0000000084680000)
 Metaspace       used 33583K, capacity 35342K, committed 35496K, reserved 1079296K
  class space    used 4412K, capacity 4767K, committed 4864K, reserved 1048576K
Event: 6.032 GC heap after
Heap after GC invocations=9 (full 1):
 PSYoungGen      total 232960K, used 10209K [0x00000000d5d00000, 0x00000000e5680000, 0x0000000100000000)
  eden space 222720K, 0% used [0x00000000d5d00000,0x00000000d5d00000,0x00000000e3680000)
  from space 10240K, 99% used [0x00000000e4280000,0x00000000e4c786c8,0x00000000e4c80000)
  to   space 12288K, 0% used [0x00000000e3680000,0x00000000e3680000,0x00000000e4280000)
 ParOldGen       total 49664K, used 10545K [0x0000000081600000, 0x0000000084680000, 0x00000000d5d00000)
  object space 49664K, 21% used [0x0000000081600000,0x000000008204c4d0,0x0000000084680000)
 Metaspace       used 33583K, capacity 35342K, committed 35496K, reserved 1079296K
  class space    used 4412K, capacity 4767K, committed 4864K, reserved 1048576K
}
Event: 6.032 GC heap before
{Heap before GC invocations=10 (full 2):
 PSYoungGen      total 232960K, used 10209K [0x00000000d5d00000, 0x00000000e5680000, 0x0000000100000000)
  eden space 222720K, 0% used [0x00000000d5d00000,0x00000000d5d00000,0x00000000e3680000)
  from space 10240K, 99% used [0x00000000e4280000,0x00000000e4c786c8,0x00000000e4c80000)
  to   space 12288K, 0% used [0x00000000e3680000,0x00000000e3680000,0x00000000e4280000)
 ParOldGen       total 49664K, used 10545K [0x0000000081600000, 0x0000000084680000, 0x00000000d5d00000)
  object space 49664K, 21% used [0x0000000081600000,0x000000008204c4d0,0x0000000084680000)
 Metaspace       used 33583K, capacity 35342K, committed 35496K, reserved 1079296K
  class space    used 4412K, capacity 4767K, committed 4864K, reserved 1048576K
Event: 6.156 GC heap after
Heap after GC invocations=10 (full 2):
 PSYoungGen      total 232960K, used 0K [0x00000000d5d00000, 0x00000000e5680000, 0x0000000100000000)
  eden space 222720K, 0% used [0x00000000d5d00000,0x00000000d5d00000,0x00000000e3680000)
  from space 10240K, 0% used [0x00000000e4280000,0x00000000e4280000,0x00000000e4c80000)
  to   space 12288K, 0% used [0x00000000e3680000,0x00000000e3680000,0x00000000e4280000)
 ParOldGen       total 49664K, used 16927K [0x0000000081600000, 0x0000000084680000, 0x00000000d5d00000)
  object space 49664K, 34% used [0x0000000081600000,0x0000000082687d88,0x0000000084680000)
 Metaspace       used 33583K, capacity 35342K, committed 35496K, reserved 1079296K
  class space    used 4412K, capacity 4767K, committed 4864K, reserved 1048576K
}

