# JRE version: Java(TM) SE Runtime Environment (8.0_241-b07) (build 1.8.0_241-b07)
# Java VM: Java HotSpot(TM) 64-Bit Server VM (25.241-b07 mixed mode windows-amd64 compressed oops)
Heap:
 PSYoungGen      total 198656K, used 95321K [0x00000000d5d00000, 0x00000000e2b00000, 0x0000000100000000)
  eden space 186368K, 44% used [0x00000000d5d00000,0x00000000dae18550,0x00000000e1300000)
  from space 12288K, 99% used [0x00000000e1300000,0x00000000e1efe050,0x00000000e1f00000)
  to   space 11776K, 0% used [0x00000000e1f80000,0x00000000e1f80000,0x00000000e2b00000)
 ParOldGen       total 90112K, used 20451K [0x0000000081600000, 0x0000000086e00000, 0x00000000d5d00000)
  object space 90112K, 22% used [0x0000000081600000,0x00000000829f8e08,0x0000000086e00000)
 Metaspace       used 48631K, capacity 51050K, committed 51200K, reserved 1093632K
  class space    used 6366K, capacity 6798K, committed 6912K, reserved 1048576K
GC Heap History (10 events):
Event: 5.817 GC heap before
{Heap before GC invocations=9 (full 1):
 PSYoungGen      total 138240K, used 137042K [0x00000000d5d00000, 0x00000000e0200000, 0x0000000100000000)
  eden space 129024K, 100% used [0x00000000d5d00000,0x00000000ddb00000,0x00000000ddb00000)
  from space 9216K, 87% used [0x00000000ddb00000,0x00000000de2d4af8,0x00000000de400000)
  to   space 10240K, 0% used [0x00000000df800000,0x00000000df800000,0x00000000e0200000)
 ParOldGen       total 60928K, used 9151K [0x0000000081600000, 0x0000000085180000, 0x00000000d5d00000)
  object space 60928K, 15% used [0x0000000081600000,0x0000000081eefd90,0x0000000085180000)
 Metaspace       used 31654K, capacity 33272K, committed 33536K, reserved 1079296K
  class space    used 4165K, capacity 4510K, committed 4608K, reserved 1048576K
Event: 5.830 GC heap after
Heap after GC invocations=9 (full 1):
 PSYoungGen      total 157184K, used 10224K [0x00000000d5d00000, 0x00000000e2700000, 0x0000000100000000)
  eden space 146944K, 0% used [0x00000000d5d00000,0x00000000d5d00000,0x00000000dec80000)
  from space 10240K, 99% used [0x00000000df800000,0x00000000e01fc3b8,0x00000000e0200000)
  to   space 11776K, 0% used [0x00000000dec80000,0x00000000dec80000,0x00000000df800000)
 ParOldGen       total 60928K, used 9472K [0x0000000081600000, 0x0000000085180000, 0x00000000d5d00000)
  object space 60928K, 15% used [0x0000000081600000,0x0000000081f40048,0x0000000085180000)
 Metaspace       used 31654K, capacity 33272K, committed 33536K, reserved 1079296K
  class space    used 4165K, capacity 4510K, committed 4608K, reserved 1048576K
}
Event: 6.029 GC heap before
{Heap before GC invocations=10 (full 1):
 PSYoungGen      total 157184K, used 38908K [0x00000000d5d00000, 0x00000000e2700000, 0x0000000100000000)
  eden space 146944K, 19% used [0x00000000d5d00000,0x00000000d7902c58,0x00000000dec80000)
  from space 10240K, 99% used [0x00000000df800000,0x00000000e01fc3b8,0x00000000e0200000)
  to   space 11776K, 0% used [0x00000000dec80000,0x00000000dec80000,0x00000000df800000)
 ParOldGen       total 60928K, used 9472K [0x0000000081600000, 0x0000000085180000, 0x00000000d5d00000)
  object space 60928K, 15% used [0x0000000081600000,0x0000000081f40048,0x0000000085180000)
 Metaspace       used 33645K, capacity 35342K, committed 35496K, reserved 1079296K
  class space    used 4428K, capacity 4767K, committed 4864K, reserved 1048576K
Event: 6.039 GC heap after
Heap after GC invocations=10 (full 1):
 PSYoungGen      total 158720K, used 9324K [0x00000000d5d00000, 0x00000000e2b80000, 0x0000000100000000)
  eden space 146944K, 0% used [0x00000000d5d00000,0x00000000d5d00000,0x00000000dec80000)
  from space 11776K, 79% used [0x00000000dec80000,0x00000000df59b2f8,0x00000000df800000)
  to   space 12288K, 0% used [0x00000000e1f80000,0x00000000e1f80000,0x00000000e2b80000)
 ParOldGen       total 60928K, used 9480K [0x0000000081600000, 0x0000000085180000, 0x00000000d5d00000)
  object space 60928K, 15% used [0x0000000081600000,0x0000000081f42048,0x0000000085180000)
 Metaspace       used 33645K, capacity 35342K, committed 35496K, reserved 1079296K
  class space    used 4428K, capacity 4767K, committed 4864K, reserved 1048576K
}
Event: 6.039 GC heap before
{Heap before GC invocations=11 (full 2):
 PSYoungGen      total 158720K, used 9324K [0x00000000d5d00000, 0x00000000e2b80000, 0x0000000100000000)
  eden space 146944K, 0% used [0x00000000d5d00000,0x00000000d5d00000,0x00000000dec80000)
  from space 11776K, 79% used [0x00000000dec80000,0x00000000df59b2f8,0x00000000df800000)
  to   space 12288K, 0% used [0x00000000e1f80000,0x00000000e1f80000,0x00000000e2b80000)
 ParOldGen       total 60928K, used 9480K [0x0000000081600000, 0x0000000085180000, 0x00000000d5d00000)
  object space 60928K, 15% used [0x0000000081600000,0x0000000081f42048,0x0000000085180000)
 Metaspace       used 33645K, capacity 35342K, committed 35496K, reserved 1079296K
  class space    used 4428K, capacity 4767K, committed 4864K, reserved 1048576K
Event: 6.125 GC heap after
Heap after GC invocations=11 (full 2):
 PSYoungGen      total 158720K, used 0K [0x00000000d5d00000, 0x00000000e2b80000, 0x0000000100000000)
  eden space 146944K, 0% used [0x00000000d5d00000,0x00000000d5d00000,0x00000000dec80000)
  from space 11776K, 0% used [0x00000000dec80000,0x00000000dec80000,0x00000000df800000)
  to   space 12288K, 0% used [0x00000000e1f80000,0x00000000e1f80000,0x00000000e2b80000)
 ParOldGen       total 90112K, used 14381K [0x0000000081600000, 0x0000000086e00000, 0x00000000d5d00000)
  object space 90112K, 15% used [0x0000000081600000,0x000000008240b490,0x0000000086e00000)
 Metaspace       used 33645K, capacity 35342K, committed 35496K, reserved 1079296K
  class space    used 4428K, capacity 4767K, committed 4864K, reserved 1048576K
}
Event: 7.131 GC heap before
{Heap before GC invocations=12 (full 2):
 PSYoungGen      total 158720K, used 146944K [0x00000000d5d00000, 0x00000000e2b80000, 0x0000000100000000)
  eden space 146944K, 100% used [0x00000000d5d00000,0x00000000dec80000,0x00000000dec80000)
  from space 11776K, 0% used [0x00000000dec80000,0x00000000dec80000,0x00000000df800000)
  to   space 12288K, 0% used [0x00000000e1f80000,0x00000000e1f80000,0x00000000e2b80000)
 ParOldGen       total 90112K, used 14381K [0x0000000081600000, 0x0000000086e00000, 0x00000000d5d00000)
  object space 90112K, 15% used [0x0000000081600000,0x000000008240b490,0x0000000086e00000)
 Metaspace       used 39099K, capacity 41040K, committed 41216K, reserved 1085440K
  class space    used 5176K, capacity 5564K, committed 5632K, reserved 1048576K
Event: 7.144 GC heap after
Heap after GC invocations=12 (full 2):
 PSYoungGen      total 198144K, used 8507K [0x00000000d5d00000, 0x00000000e2b00000, 0x0000000100000000)
  eden space 186368K, 0% used [0x00000000d5d00000,0x00000000d5d00000,0x00000000e1300000)
  from space 11776K, 72% used [0x00000000e1f80000,0x00000000e27cee30,0x00000000e2b00000)
  to   space 12288K, 0% used [0x00000000e1300000,0x00000000e1300000,0x00000000e1f00000)
 ParOldGen       total 90112K, used 14389K [0x0000000081600000, 0x0000000086e00000, 0x00000000d5d00000)
  object space 90112K, 15% used [0x0000000081600000,0x000000008240d490,0x0000000086e00000)
 Metaspace       used 39099K, capacity 41040K, committed 41216K, reserved 1085440K
  class space    used 5176K, capacity 5564K, committed 5632K, reserved 1048576K
}
Event: 8.879 GC heap before
{Heap before GC invocations=13 (full 2):
 PSYoungGen      total 198144K, used 194875K [0x00000000d5d00000, 0x00000000e2b00000, 0x0000000100000000)
  eden space 186368K, 100% used [0x00000000d5d00000,0x00000000e1300000,0x00000000e1300000)
  from space 11776K, 72% used [0x00000000e1f80000,0x00000000e27cee30,0x00000000e2b00000)
  to   space 12288K, 0% used [0x00000000e1300000,0x00000000e1300000,0x00000000e1f00000)
 ParOldGen       total 90112K, used 14389K [0x0000000081600000, 0x0000000086e00000, 0x00000000d5d00000)
  object space 90112K, 15% used [0x0000000081600000,0x000000008240d490,0x0000000086e00000)
 Metaspace       used 44991K, capacity 47248K, committed 47360K, reserved 1089536K
  class space    used 5932K, capacity 6345K, committed 6400K, reserved 1048576K
Event: 8.901 GC heap after
Heap after GC invocations=13 (full 2):
 PSYoungGen      total 198656K, used 12280K [0x00000000d5d00000, 0x00000000e2b00000, 0x0000000100000000)
  eden space 186368K, 0% used [0x00000000d5d00000,0x00000000d5d00000,0x00000000e1300000)
  from space 12288K, 99% used [0x00000000e1300000,0x00000000e1efe050,0x00000000e1f00000)
  to   space 11776K, 0% used [0x00000000e1f80000,0x00000000e1f80000,0x00000000e2b00000)
 ParOldGen       total 90112K, used 20451K [0x0000000081600000, 0x0000000086e00000, 0x00000000d5d00000)
  object space 90112K, 22% used [0x0000000081600000,0x00000000829f8e08,0x0000000086e00000)
 Metaspace       used 44991K, capacity 47248K, committed 47360K, reserved 1089536K
  class space    used 5932K, capacity 6345K, committed 6400K, reserved 1048576K
}

