# JRE version: Java(TM) SE Runtime Environment (8.0_241-b07) (build 1.8.0_241-b07)
# Java VM: Java HotSpot(TM) 64-Bit Server VM (25.241-b07 mixed mode windows-amd64 compressed oops)
Heap:
 PSYoungGen      total 237568K, used 138370K [0x00000000d5d00000, 0x00000000ede00000, 0x0000000100000000)
  eden space 226304K, 59% used [0x00000000d5d00000,0x00000000ddfad7c0,0x00000000e3a00000)
  from space 11264K, 40% used [0x00000000e4780000,0x00000000e4bf3398,0x00000000e5280000)
  to   space 13824K, 0% used [0x00000000e3a00000,0x00000000e3a00000,0x00000000e4780000)
 ParOldGen       total 73728K, used 14174K [0x0000000081600000, 0x0000000085e00000, 0x00000000d5d00000)
  object space 73728K, 19% used [0x0000000081600000,0x00000000823d78c8,0x0000000085e00000)
 Metaspace       used 39765K, capacity 41938K, committed 42112K, reserved 1085440K
  class space    used 5340K, capacity 5755K, committed 5760K, reserved 1048576K
GC Heap History (10 events):
Event: 3.765 GC heap before
{Heap before GC invocations=6 (full 1):
 PSYoungGen      total 138240K, used 133120K [0x00000000d5d00000, 0x00000000de900000, 0x0000000100000000)
  eden space 133120K, 100% used [0x00000000d5d00000,0x00000000ddf00000,0x00000000ddf00000)
  from space 5120K, 0% used [0x00000000de400000,0x00000000de400000,0x00000000de900000)
  to   space 5120K, 0% used [0x00000000ddf00000,0x00000000ddf00000,0x00000000de400000)
 ParOldGen       total 53248K, used 7343K [0x0000000081600000, 0x0000000084a00000, 0x00000000d5d00000)
  object space 53248K, 13% used [0x0000000081600000,0x0000000081d2bc10,0x0000000084a00000)
 Metaspace       used 26509K, capacity 27592K, committed 27904K, reserved 1073152K
  class space    used 3523K, capacity 3764K, committed 3840K, reserved 1048576K
Event: 3.795 GC heap after
Heap after GC invocations=6 (full 1):
 PSYoungGen      total 138240K, used 5111K [0x00000000d5d00000, 0x00000000e5280000, 0x0000000100000000)
  eden space 133120K, 0% used [0x00000000d5d00000,0x00000000d5d00000,0x00000000ddf00000)
  from space 5120K, 99% used [0x00000000ddf00000,0x00000000de3fdc80,0x00000000de400000)
  to   space 11264K, 0% used [0x00000000e4780000,0x00000000e4780000,0x00000000e5280000)
 ParOldGen       total 53248K, used 11901K [0x0000000081600000, 0x0000000084a00000, 0x00000000d5d00000)
  object space 53248K, 22% used [0x0000000081600000,0x000000008219f4e0,0x0000000084a00000)
 Metaspace       used 26509K, capacity 27592K, committed 27904K, reserved 1073152K
  class space    used 3523K, capacity 3764K, committed 3840K, reserved 1048576K
}
Event: 4.824 GC heap before
{Heap before GC invocations=7 (full 1):
 PSYoungGen      total 138240K, used 138231K [0x00000000d5d00000, 0x00000000e5280000, 0x0000000100000000)
  eden space 133120K, 100% used [0x00000000d5d00000,0x00000000ddf00000,0x00000000ddf00000)
  from space 5120K, 99% used [0x00000000ddf00000,0x00000000de3fdc80,0x00000000de400000)
  to   space 11264K, 0% used [0x00000000e4780000,0x00000000e4780000,0x00000000e5280000)
 ParOldGen       total 53248K, used 11901K [0x0000000081600000, 0x0000000084a00000, 0x00000000d5d00000)
  object space 53248K, 22% used [0x0000000081600000,0x000000008219f4e0,0x0000000084a00000)
 Metaspace       used 33156K, capacity 34930K, committed 35072K, reserved 1079296K
  class space    used 4446K, capacity 4773K, committed 4864K, reserved 1048576K
Event: 4.838 GC heap after
Heap after GC invocations=7 (full 1):
 PSYoungGen      total 234496K, used 11237K [0x00000000d5d00000, 0x00000000e5280000, 0x0000000100000000)
  eden space 223232K, 0% used [0x00000000d5d00000,0x00000000d5d00000,0x00000000e3700000)
  from space 11264K, 99% used [0x00000000e4780000,0x00000000e5279460,0x00000000e5280000)
  to   space 13824K, 0% used [0x00000000e3780000,0x00000000e3780000,0x00000000e4500000)
 ParOldGen       total 53248K, used 13575K [0x0000000081600000, 0x0000000084a00000, 0x00000000d5d00000)
  object space 53248K, 25% used [0x0000000081600000,0x0000000082341c78,0x0000000084a00000)
 Metaspace       used 33156K, capacity 34930K, committed 35072K, reserved 1079296K
  class space    used 4446K, capacity 4773K, committed 4864K, reserved 1048576K
}
Event: 4.916 GC heap before
{Heap before GC invocations=8 (full 1):
 PSYoungGen      total 234496K, used 31567K [0x00000000d5d00000, 0x00000000e5280000, 0x0000000100000000)
  eden space 223232K, 9% used [0x00000000d5d00000,0x00000000d70da9e0,0x00000000e3700000)
  from space 11264K, 99% used [0x00000000e4780000,0x00000000e5279460,0x00000000e5280000)
  to   space 13824K, 0% used [0x00000000e3780000,0x00000000e3780000,0x00000000e4500000)
 ParOldGen       total 53248K, used 13575K [0x0000000081600000, 0x0000000084a00000, 0x00000000d5d00000)
  object space 53248K, 25% used [0x0000000081600000,0x0000000082341c78,0x0000000084a00000)
 Metaspace       used 33658K, capacity 35384K, committed 35496K, reserved 1079296K
  class space    used 4513K, capacity 4840K, committed 4864K, reserved 1048576K
Event: 4.929 GC heap after
Heap after GC invocations=8 (full 1):
 PSYoungGen      total 237056K, used 9090K [0x00000000d5d00000, 0x00000000e5280000, 0x0000000100000000)
  eden space 223232K, 0% used [0x00000000d5d00000,0x00000000d5d00000,0x00000000e3700000)
  from space 13824K, 65% used [0x00000000e3780000,0x00000000e40608a0,0x00000000e4500000)
  to   space 11264K, 0% used [0x00000000e4780000,0x00000000e4780000,0x00000000e5280000)
 ParOldGen       total 53248K, used 13575K [0x0000000081600000, 0x0000000084a00000, 0x00000000d5d00000)
  object space 53248K, 25% used [0x0000000081600000,0x0000000082341c78,0x0000000084a00000)
 Metaspace       used 33658K, capacity 35384K, committed 35496K, reserved 1079296K
  class space    used 4513K, capacity 4840K, committed 4864K, reserved 1048576K
}
Event: 4.929 GC heap before
{Heap before GC invocations=9 (full 2):
 PSYoungGen      total 237056K, used 9090K [0x00000000d5d00000, 0x00000000e5280000, 0x0000000100000000)
  eden space 223232K, 0% used [0x00000000d5d00000,0x00000000d5d00000,0x00000000e3700000)
  from space 13824K, 65% used [0x00000000e3780000,0x00000000e40608a0,0x00000000e4500000)
  to   space 11264K, 0% used [0x00000000e4780000,0x00000000e4780000,0x00000000e5280000)
 ParOldGen       total 53248K, used 13575K [0x0000000081600000, 0x0000000084a00000, 0x00000000d5d00000)
  object space 53248K, 25% used [0x0000000081600000,0x0000000082341c78,0x0000000084a00000)
 Metaspace       used 33658K, capacity 35384K, committed 35496K, reserved 1079296K
  class space    used 4513K, capacity 4840K, committed 4864K, reserved 1048576K
Event: 5.035 GC heap after
Heap after GC invocations=9 (full 2):
 PSYoungGen      total 237056K, used 0K [0x00000000d5d00000, 0x00000000e5280000, 0x0000000100000000)
  eden space 223232K, 0% used [0x00000000d5d00000,0x00000000d5d00000,0x00000000e3700000)
  from space 13824K, 0% used [0x00000000e3780000,0x00000000e3780000,0x00000000e4500000)
  to   space 11264K, 0% used [0x00000000e4780000,0x00000000e4780000,0x00000000e5280000)
 ParOldGen       total 73728K, used 14166K [0x0000000081600000, 0x0000000085e00000, 0x00000000d5d00000)
  object space 73728K, 19% used [0x0000000081600000,0x00000000823d58c8,0x0000000085e00000)
 Metaspace       used 33658K, capacity 35384K, committed 35496K, reserved 1079296K
  class space    used 4513K, capacity 4840K, committed 4864K, reserved 1048576K
}
Event: 5.892 GC heap before
{Heap before GC invocations=10 (full 2):
 PSYoungGen      total 237056K, used 223232K [0x00000000d5d00000, 0x00000000e5280000, 0x0000000100000000)
  eden space 223232K, 100% used [0x00000000d5d00000,0x00000000e3700000,0x00000000e3700000)
  from space 13824K, 0% used [0x00000000e3780000,0x00000000e3780000,0x00000000e4500000)
  to   space 11264K, 0% used [0x00000000e4780000,0x00000000e4780000,0x00000000e5280000)
 ParOldGen       total 73728K, used 14166K [0x0000000081600000, 0x0000000085e00000, 0x00000000d5d00000)
  object space 73728K, 19% used [0x0000000081600000,0x00000000823d58c8,0x0000000085e00000)
 Metaspace       used 37593K, capacity 39438K, committed 39808K, reserved 1083392K
  class space    used 5045K, capacity 5409K, committed 5504K, reserved 1048576K
Event: 5.898 GC heap after
Heap after GC invocations=10 (full 2):
 PSYoungGen      total 237568K, used 4556K [0x00000000d5d00000, 0x00000000ede00000, 0x0000000100000000)
  eden space 226304K, 0% used [0x00000000d5d00000,0x00000000d5d00000,0x00000000e3a00000)
  from space 11264K, 40% used [0x00000000e4780000,0x00000000e4bf3398,0x00000000e5280000)
  to   space 13824K, 0% used [0x00000000e3a00000,0x00000000e3a00000,0x00000000e4780000)
 ParOldGen       total 73728K, used 14174K [0x0000000081600000, 0x0000000085e00000, 0x00000000d5d00000)
  object space 73728K, 19% used [0x0000000081600000,0x00000000823d78c8,0x0000000085e00000)
 Metaspace       used 37593K, capacity 39438K, committed 39808K, reserved 1083392K
  class space    used 5045K, capacity 5409K, committed 5504K, reserved 1048576K
}

